2023-06-16 16:10:55.844  INFO 244531 --- [main] c.k.example.test.HotelControllerTest     : Starting HotelControllerTest on adi123 with PID 244531 (started by aditya in /home/aditya/builds/SpringBootCI/app)
2023-06-16 16:10:55.848  INFO 244531 --- [main] c.k.example.test.HotelControllerTest     : The following profiles are active: test
2023-06-16 16:10:55.970  INFO 244531 --- [main] o.s.w.c.s.GenericWebApplicationContext   : Refreshing org.springframework.web.context.support.GenericWebApplicationContext@14fc5f04: startup date [Fri Jun 16 16:10:55 IST 2023]; root of context hierarchy
2023-06-16 16:11:00.810  INFO 244531 --- [main] trationDelegate$BeanPostProcessorChecker : Bean 'org.springframework.transaction.annotation.ProxyTransactionManagementConfiguration' of type [org.springframework.transaction.annotation.ProxyTransactionManagementConfiguration$$EnhancerBySpringCGLIB$$e4a4584c] is not eligible for getting processed by all BeanPostProcessors (for example: not eligible for auto-proxying)
2023-06-16 16:11:02.957  INFO 244531 --- [main] j.LocalContainerEntityManagerFactoryBean : Building JPA container EntityManagerFactory for persistence unit 'default'
2023-06-16 16:11:03.014  INFO 244531 --- [main] o.hibernate.jpa.internal.util.LogHelper  : HHH000204: Processing PersistenceUnitInfo [
	name: default
	...]
2023-06-16 16:11:03.501  INFO 244531 --- [main] org.hibernate.Version                    : HHH000412: Hibernate Core {5.0.12.Final}
2023-06-16 16:11:03.506  INFO 244531 --- [main] org.hibernate.cfg.Environment            : HHH000206: hibernate.properties not found
2023-06-16 16:11:03.510  INFO 244531 --- [main] org.hibernate.cfg.Environment            : HHH000021: Bytecode provider name : javassist
2023-06-16 16:11:03.613  INFO 244531 --- [main] o.hibernate.annotations.common.Version   : HCANN000001: Hibernate Commons Annotations {5.0.1.Final}
2023-06-16 16:11:03.916  INFO 244531 --- [main] org.hibernate.dialect.Dialect            : HHH000400: Using dialect: org.hibernate.dialect.H2Dialect
2023-06-16 16:11:05.089  INFO 244531 --- [main] org.hibernate.tool.hbm2ddl.SchemaExport  : HHH000227: Running hbm2ddl schema export
2023-06-16 16:11:05.131  INFO 244531 --- [main] org.hibernate.tool.hbm2ddl.SchemaExport  : HHH000230: Schema export complete
2023-06-16 16:11:05.219  INFO 244531 --- [main] j.LocalContainerEntityManagerFactoryBean : Initialized JPA EntityManagerFactory for persistence unit 'default'
2023-06-16 16:11:06.470  WARN 244531 --- [main] figurationPropertiesBindingPostProcessor : The @ConfigurationProperties bean class com.khoubyari.example.service.ServiceProperties contains validation constraints but had not been annotated with @Validated.
2023-06-16 16:11:06.471  WARN 244531 --- [main] figurationPropertiesBindingPostProcessor : The @ConfigurationProperties bean class com.khoubyari.example.service.ServiceProperties contains validation constraints but had not been annotated with @Validated.
2023-06-16 16:11:06.472  WARN 244531 --- [main] figurationPropertiesBindingPostProcessor : The @ConfigurationProperties bean class com.khoubyari.example.service.ServiceProperties contains validation constraints but had not been annotated with @Validated.
2023-06-16 16:11:08.065  INFO 244531 --- [main] s.w.s.m.m.a.RequestMappingHandlerMapping : Mapped "{[/example/v1/hotels],methods=[POST],consumes=[application/json || application/xml],produces=[application/json || application/xml]}" onto public void com.khoubyari.example.api.rest.HotelController.createHotel(com.khoubyari.example.domain.Hotel,javax.servlet.http.HttpServletRequest,javax.servlet.http.HttpServletResponse)
2023-06-16 16:11:08.069  INFO 244531 --- [main] s.w.s.m.m.a.RequestMappingHandlerMapping : Mapped "{[/example/v1/hotels],methods=[GET],produces=[application/json || application/xml]}" onto public org.springframework.data.domain.Page<com.khoubyari.example.domain.Hotel> com.khoubyari.example.api.rest.HotelController.getAllHotel(java.lang.Integer,java.lang.Integer,javax.servlet.http.HttpServletRequest,javax.servlet.http.HttpServletResponse)
2023-06-16 16:11:08.070  INFO 244531 --- [main] s.w.s.m.m.a.RequestMappingHandlerMapping : Mapped "{[/example/v1/hotels/{id}],methods=[GET],produces=[application/json || application/xml]}" onto public com.khoubyari.example.domain.Hotel com.khoubyari.example.api.rest.HotelController.getHotel(java.lang.Long,javax.servlet.http.HttpServletRequest,javax.servlet.http.HttpServletResponse) throws java.lang.Exception
2023-06-16 16:11:08.072  INFO 244531 --- [main] s.w.s.m.m.a.RequestMappingHandlerMapping : Mapped "{[/example/v1/hotels/{id}],methods=[PUT],consumes=[application/json || application/xml],produces=[application/json || application/xml]}" onto public void com.khoubyari.example.api.rest.HotelController.updateHotel(java.lang.Long,com.khoubyari.example.domain.Hotel,javax.servlet.http.HttpServletRequest,javax.servlet.http.HttpServletResponse)
2023-06-16 16:11:08.074  INFO 244531 --- [main] s.w.s.m.m.a.RequestMappingHandlerMapping : Mapped "{[/example/v1/hotels/{id}],methods=[DELETE],produces=[application/json || application/xml]}" onto public void com.khoubyari.example.api.rest.HotelController.deleteHotel(java.lang.Long,javax.servlet.http.HttpServletRequest,javax.servlet.http.HttpServletResponse)
2023-06-16 16:11:08.076  INFO 244531 --- [main] s.w.s.m.m.a.RequestMappingHandlerMapping : Mapped "{[/v2/api-docs],methods=[GET],produces=[application/json || application/hal+json]}" onto public org.springframework.http.ResponseEntity<springfox.documentation.spring.web.json.Json> springfox.documentation.swagger2.web.Swagger2Controller.getDocumentation(java.lang.String,javax.servlet.http.HttpServletRequest)
2023-06-16 16:11:08.087  INFO 244531 --- [main] s.w.s.m.m.a.RequestMappingHandlerMapping : Mapped "{[/swagger-resources]}" onto org.springframework.http.ResponseEntity<java.util.List<springfox.documentation.swagger.web.SwaggerResource>> springfox.documentation.swagger.web.ApiResourceController.swaggerResources()
2023-06-16 16:11:08.090  INFO 244531 --- [main] s.w.s.m.m.a.RequestMappingHandlerMapping : Mapped "{[/swagger-resources/configuration/ui]}" onto org.springframework.http.ResponseEntity<springfox.documentation.swagger.web.UiConfiguration> springfox.documentation.swagger.web.ApiResourceController.uiConfiguration()
2023-06-16 16:11:08.091  INFO 244531 --- [main] s.w.s.m.m.a.RequestMappingHandlerMapping : Mapped "{[/swagger-resources/configuration/security]}" onto org.springframework.http.ResponseEntity<springfox.documentation.swagger.web.SecurityConfiguration> springfox.documentation.swagger.web.ApiResourceController.securityConfiguration()
2023-06-16 16:11:08.100  INFO 244531 --- [main] s.w.s.m.m.a.RequestMappingHandlerMapping : Mapped "{[/error],produces=[text/html]}" onto public org.springframework.web.servlet.ModelAndView org.springframework.boot.autoconfigure.web.BasicErrorController.errorHtml(javax.servlet.http.HttpServletRequest,javax.servlet.http.HttpServletResponse)
2023-06-16 16:11:08.102  INFO 244531 --- [main] s.w.s.m.m.a.RequestMappingHandlerMapping : Mapped "{[/error]}" onto public org.springframework.http.ResponseEntity<java.util.Map<java.lang.String, java.lang.Object>> org.springframework.boot.autoconfigure.web.BasicErrorController.error(javax.servlet.http.HttpServletRequest)
2023-06-16 16:11:09.911  INFO 244531 --- [main] s.w.s.m.m.a.RequestMappingHandlerAdapter : Looking for @ControllerAdvice: org.springframework.web.context.support.GenericWebApplicationContext@14fc5f04: startup date [Fri Jun 16 16:10:55 IST 2023]; root of context hierarchy
2023-06-16 16:11:10.116  INFO 244531 --- [main] o.s.w.s.handler.SimpleUrlHandlerMapping  : Mapped URL path [/webjars/**] onto handler of type [class org.springframework.web.servlet.resource.ResourceHttpRequestHandler]
2023-06-16 16:11:10.117  INFO 244531 --- [main] o.s.w.s.handler.SimpleUrlHandlerMapping  : Mapped URL path [/**] onto handler of type [class org.springframework.web.servlet.resource.ResourceHttpRequestHandler]
2023-06-16 16:11:10.273  INFO 244531 --- [main] o.s.w.s.handler.SimpleUrlHandlerMapping  : Mapped URL path [/**/favicon.ico] onto handler of type [class org.springframework.web.servlet.resource.ResourceHttpRequestHandler]
2023-06-16 16:11:11.232  INFO 244531 --- [main] b.a.s.AuthenticationManagerConfiguration : 

Using default security password: 9eb10d03-aae4-4141-9e7e-80686c658a03

2023-06-16 16:11:11.362  INFO 244531 --- [main] o.s.s.web.DefaultSecurityFilterChain     : Creating filter chain: OrRequestMatcher [requestMatchers=[Ant [pattern='/css/**'], Ant [pattern='/js/**'], Ant [pattern='/images/**'], Ant [pattern='/webjars/**'], Ant [pattern='/**/favicon.ico'], Ant [pattern='/error']]], []
2023-06-16 16:11:11.363  INFO 244531 --- [main] o.s.s.web.DefaultSecurityFilterChain     : Creating filter chain: org.springframework.boot.actuate.autoconfigure.ManagementWebSecurityAutoConfiguration$LazyEndpointPathRequestMatcher@3d57fb9e, []
2023-06-16 16:11:11.552  INFO 244531 --- [main] o.s.s.web.DefaultSecurityFilterChain     : Creating filter chain: org.springframework.boot.autoconfigure.security.SpringBootWebSecurityConfiguration$ApplicationNoWebSecurityConfigurerAdapter$1@e5864c2, [org.springframework.security.web.context.request.async.WebAsyncManagerIntegrationFilter@577cf459, org.springframework.security.web.context.SecurityContextPersistenceFilter@3adde4ea, org.springframework.security.web.header.HeaderWriterFilter@43e7f104, org.springframework.security.web.csrf.CsrfFilter@4caf875c, org.springframework.security.web.authentication.logout.LogoutFilter@2dc73024, org.springframework.security.web.savedrequest.RequestCacheAwareFilter@1800c1e3, org.springframework.security.web.servletapi.SecurityContextHolderAwareRequestFilter@24b38e8f, org.springframework.security.web.authentication.AnonymousAuthenticationFilter@432eb882, org.springframework.security.web.session.SessionManagementFilter@1aaaabd1, org.springframework.security.web.access.ExceptionTranslationFilter@79e90571]
2023-06-16 16:11:13.395  WARN 244531 --- [main] .s.b.a.a.EndpointWebMvcAutoConfiguration : Could not start embedded management container on different port (management endpoints are still available through JMX)
2023-06-16 16:11:13.406  INFO 244531 --- [main] o.s.c.support.DefaultLifecycleProcessor  : Starting beans in phase 2147483647
2023-06-16 16:11:13.408  INFO 244531 --- [main] d.s.w.p.DocumentationPluginsBootstrapper : Context refreshed
2023-06-16 16:11:13.479  INFO 244531 --- [main] d.s.w.p.DocumentationPluginsBootstrapper : Found 1 custom documentation plugin(s)
2023-06-16 16:11:13.507  INFO 244531 --- [main] s.d.s.w.s.ApiListingReferenceScanner     : Scanning for api listing references
2023-06-16 16:11:14.021  INFO 244531 --- [main] c.k.example.test.HotelControllerTest     : Started HotelControllerTest in 19.264 seconds (JVM running for 21.265)
2023-06-16 16:11:14.276  INFO 244531 --- [main] o.s.b.t.m.w.SpringBootMockServletContext : Initializing Spring FrameworkServlet ''
2023-06-16 16:11:14.278  INFO 244531 --- [main] o.s.t.web.servlet.TestDispatcherServlet  : FrameworkServlet '': initialization started
2023-06-16 16:11:14.357  INFO 244531 --- [main] o.s.t.web.servlet.TestDispatcherServlet  : FrameworkServlet '': initialization completed in 78 ms
2023-06-16 16:11:14.693  INFO 244531 --- [main] c.k.example.RestControllerAspect         : :::::AOP Before REST call:::::execution(void com.khoubyari.example.api.rest.HotelController.createHotel(Hotel,HttpServletRequest,HttpServletResponse))
2023-06-16 16:11:14.866  INFO 244531 --- [main] c.k.example.RestControllerAspect         : :::::AOP Before REST call:::::execution(Hotel com.khoubyari.example.api.rest.HotelController.getHotel(Long,HttpServletRequest,HttpServletResponse))
2023-06-16 16:11:14.985  INFO 244531 --- [main] c.k.example.RestControllerAspect         : :::::AOP Before REST call:::::execution(void com.khoubyari.example.api.rest.HotelController.deleteHotel(Long,HttpServletRequest,HttpServletResponse))
2023-06-16 16:11:15.029  INFO 244531 --- [main] c.k.example.RestControllerAspect         : :::::AOP Before REST call:::::execution(Hotel com.khoubyari.example.api.rest.HotelController.getHotel(Long,HttpServletRequest,HttpServletResponse))
2023-06-16 16:11:15.046  INFO 244531 --- [main] c.k.example.api.rest.HotelController     : ResourceNotFoundException handler:resource not found
2023-06-16 16:11:15.081  INFO 244531 --- [main] o.s.b.t.m.w.SpringBootMockServletContext : Initializing Spring FrameworkServlet ''
2023-06-16 16:11:15.081  INFO 244531 --- [main] o.s.t.web.servlet.TestDispatcherServlet  : FrameworkServlet '': initialization started
2023-06-16 16:11:15.099  INFO 244531 --- [main] o.s.t.web.servlet.TestDispatcherServlet  : FrameworkServlet '': initialization completed in 17 ms
2023-06-16 16:11:15.108  INFO 244531 --- [main] c.k.example.RestControllerAspect         : :::::AOP Before REST call:::::execution(void com.khoubyari.example.api.rest.HotelController.createHotel(Hotel,HttpServletRequest,HttpServletResponse))
2023-06-16 16:11:15.126  INFO 244531 --- [main] c.k.example.RestControllerAspect         : :::::AOP Before REST call:::::execution(void com.khoubyari.example.api.rest.HotelController.updateHotel(Long,Hotel,HttpServletRequest,HttpServletResponse))
2023-06-16 16:11:15.160  INFO 244531 --- [main] c.k.example.RestControllerAspect         : :::::AOP Before REST call:::::execution(Hotel com.khoubyari.example.api.rest.HotelController.getHotel(Long,HttpServletRequest,HttpServletResponse))
2023-06-16 16:11:15.175  INFO 244531 --- [main] c.k.example.RestControllerAspect         : :::::AOP Before REST call:::::execution(void com.khoubyari.example.api.rest.HotelController.deleteHotel(Long,HttpServletRequest,HttpServletResponse))
2023-06-16 16:11:15.201  INFO 244531 --- [Thread-4] o.s.w.c.s.GenericWebApplicationContext   : Closing org.springframework.web.context.support.GenericWebApplicationContext@14fc5f04: startup date [Fri Jun 16 16:10:55 IST 2023]; root of context hierarchy
2023-06-16 16:11:15.215  INFO 244531 --- [Thread-4] o.s.c.support.DefaultLifecycleProcessor  : Stopping beans in phase 2147483647
2023-06-16 16:11:15.237  INFO 244531 --- [Thread-4] j.LocalContainerEntityManagerFactoryBean : Closing JPA EntityManagerFactory for persistence unit 'default'
2023-06-16 16:11:15.238  INFO 244531 --- [Thread-4] org.hibernate.tool.hbm2ddl.SchemaExport  : HHH000227: Running hbm2ddl schema export
2023-06-16 16:11:15.250 ERROR 244531 --- [Thread-4] org.hibernate.tool.hbm2ddl.SchemaExport  : HHH000231: Schema export unsuccessful

org.h2.jdbc.JdbcSQLException: Database is already closed (to disable automatic closing at VM shutdown, add ";DB_CLOSE_ON_EXIT=FALSE" to the db URL) [90121-193]
	at org.h2.message.DbException.getJdbcSQLException(DbException.java:345) ~[h2-1.4.193.jar:1.4.193]
	at org.h2.message.DbException.get(DbException.java:179) ~[h2-1.4.193.jar:1.4.193]
	at org.h2.message.DbException.get(DbException.java:155) ~[h2-1.4.193.jar:1.4.193]
	at org.h2.message.DbException.get(DbException.java:144) ~[h2-1.4.193.jar:1.4.193]
	at org.h2.jdbc.JdbcConnection.checkClosed(JdbcConnection.java:1483) ~[h2-1.4.193.jar:1.4.193]
	at org.h2.jdbc.JdbcConnection.checkClosed(JdbcConnection.java:1458) ~[h2-1.4.193.jar:1.4.193]
	at org.h2.jdbc.JdbcConnection.getAutoCommit(JdbcConnection.java:457) ~[h2-1.4.193.jar:1.4.193]
	at sun.reflect.NativeMethodAccessorImpl.invoke0(Native Method) ~[na:1.8.0_362]
	at sun.reflect.NativeMethodAccessorImpl.invoke(NativeMethodAccessorImpl.java:62) ~[na:1.8.0_362]
	at sun.reflect.DelegatingMethodAccessorImpl.invoke(DelegatingMethodAccessorImpl.java:43) ~[na:1.8.0_362]
	at java.lang.reflect.Method.invoke(Method.java:498) ~[na:1.8.0_362]
	at org.apache.tomcat.jdbc.pool.ProxyConnection.invoke(ProxyConnection.java:126) ~[tomcat-jdbc-8.5.23.jar:na]
	at org.apache.tomcat.jdbc.pool.JdbcInterceptor.invoke(JdbcInterceptor.java:108) ~[tomcat-jdbc-8.5.23.jar:na]
	at org.apache.tomcat.jdbc.pool.interceptor.AbstractCreateStatementInterceptor.invoke(AbstractCreateStatementInterceptor.java:79) ~[tomcat-jdbc-8.5.23.jar:na]
	at org.apache.tomcat.jdbc.pool.JdbcInterceptor.invoke(JdbcInterceptor.java:108) ~[tomcat-jdbc-8.5.23.jar:na]
	at org.apache.tomcat.jdbc.pool.DisposableConnectionFacade.invoke(DisposableConnectionFacade.java:81) ~[tomcat-jdbc-8.5.23.jar:na]
	at com.sun.proxy.$Proxy97.getAutoCommit(Unknown Source) ~[na:na]
	at org.hibernate.tool.hbm2ddl.SuppliedConnectionProviderConnectionHelper.prepare(SuppliedConnectionProviderConnectionHelper.java:34) ~[hibernate-core-5.0.12.Final.jar:5.0.12.Final]
	at org.hibernate.tool.hbm2ddl.DatabaseExporter.<init>(DatabaseExporter.java:35) ~[hibernate-core-5.0.12.Final.jar:5.0.12.Final]
	at org.hibernate.tool.hbm2ddl.SchemaExport.execute(SchemaExport.java:425) ~[hibernate-core-5.0.12.Final.jar:5.0.12.Final]
	at org.hibernate.tool.hbm2ddl.SchemaExport.drop(SchemaExport.java:375) ~[hibernate-core-5.0.12.Final.jar:5.0.12.Final]
	at org.hibernate.tool.hbm2ddl.SchemaExport.drop(SchemaExport.java:371) ~[hibernate-core-5.0.12.Final.jar:5.0.12.Final]
	at org.hibernate.internal.SessionFactoryImpl.close(SessionFactoryImpl.java:1081) ~[hibernate-core-5.0.12.Final.jar:5.0.12.Final]
	at org.hibernate.jpa.internal.EntityManagerFactoryImpl.close(EntityManagerFactoryImpl.java:347) ~[hibernate-entitymanager-5.0.12.Final.jar:5.0.12.Final]
	at sun.reflect.NativeMethodAccessorImpl.invoke0(Native Method) ~[na:1.8.0_362]
	at sun.reflect.NativeMethodAccessorImpl.invoke(NativeMethodAccessorImpl.java:62) ~[na:1.8.0_362]
	at sun.reflect.DelegatingMethodAccessorImpl.invoke(DelegatingMethodAccessorImpl.java:43) ~[na:1.8.0_362]
	at java.lang.reflect.Method.invoke(Method.java:498) ~[na:1.8.0_362]
	at org.springframework.orm.jpa.AbstractEntityManagerFactoryBean.invokeProxyMethod(AbstractEntityManagerFactoryBean.java:473) [spring-orm-4.3.13.RELEASE.jar:4.3.13.RELEASE]
	at org.springframework.orm.jpa.AbstractEntityManagerFactoryBean$ManagedEntityManagerFactoryInvocationHandler.invoke(AbstractEntityManagerFactoryBean.java:645) [spring-orm-4.3.13.RELEASE.jar:4.3.13.RELEASE]
	at com.sun.proxy.$Proxy107.close(Unknown Source) [na:na]
	at org.springframework.orm.jpa.AbstractEntityManagerFactoryBean.destroy(AbstractEntityManagerFactoryBean.java:565) [spring-orm-4.3.13.RELEASE.jar:4.3.13.RELEASE]
	at org.springframework.beans.factory.support.DisposableBeanAdapter.destroy(DisposableBeanAdapter.java:272) [spring-beans-4.3.13.RELEASE.jar:4.3.13.RELEASE]
	at org.springframework.beans.factory.support.DefaultSingletonBeanRegistry.destroyBean(DefaultSingletonBeanRegistry.java:578) [spring-beans-4.3.13.RELEASE.jar:4.3.13.RELEASE]
	at org.springframework.beans.factory.support.DefaultSingletonBeanRegistry.destroySingleton(DefaultSingletonBeanRegistry.java:554) [spring-beans-4.3.13.RELEASE.jar:4.3.13.RELEASE]
	at org.springframework.beans.factory.support.DefaultListableBeanFactory.destroySingleton(DefaultListableBeanFactory.java:961) [spring-beans-4.3.13.RELEASE.jar:4.3.13.RELEASE]
	at org.springframework.beans.factory.support.DefaultSingletonBeanRegistry.destroySingletons(DefaultSingletonBeanRegistry.java:523) [spring-beans-4.3.13.RELEASE.jar:4.3.13.RELEASE]
	at org.springframework.beans.factory.support.FactoryBeanRegistrySupport.destroySingletons(FactoryBeanRegistrySupport.java:230) [spring-beans-4.3.13.RELEASE.jar:4.3.13.RELEASE]
	at org.springframework.beans.factory.support.DefaultListableBeanFactory.destroySingletons(DefaultListableBeanFactory.java:968) [spring-beans-4.3.13.RELEASE.jar:4.3.13.RELEASE]
	at org.springframework.context.support.AbstractApplicationContext.destroyBeans(AbstractApplicationContext.java:1032) [spring-context-4.3.13.RELEASE.jar:4.3.13.RELEASE]
	at org.springframework.context.support.AbstractApplicationContext.doClose(AbstractApplicationContext.java:1008) [spring-context-4.3.13.RELEASE.jar:4.3.13.RELEASE]
	at org.springframework.context.support.AbstractApplicationContext$2.run(AbstractApplicationContext.java:929) [spring-context-4.3.13.RELEASE.jar:4.3.13.RELEASE]

2023-06-16 16:11:15.252  INFO 244531 --- [Thread-4] org.hibernate.tool.hbm2ddl.SchemaExport  : HHH000230: Schema export complete
2023-12-01 10:54:38.580  INFO 486625 --- [main] c.k.example.test.HotelControllerTest     : Starting HotelControllerTest on adi123 with PID 486625 (started by aditya in /home/aditya/builds/SpringBootCI/app)
2023-12-01 10:54:38.581  INFO 486625 --- [main] c.k.example.test.HotelControllerTest     : The following profiles are active: test
2023-12-01 10:54:38.636  INFO 486625 --- [main] o.s.w.c.s.GenericWebApplicationContext   : Refreshing org.springframework.web.context.support.GenericWebApplicationContext@4097cac: startup date [Fri Dec 01 10:54:38 IST 2023]; root of context hierarchy
2023-12-01 10:54:40.201  INFO 486625 --- [main] trationDelegate$BeanPostProcessorChecker : Bean 'org.springframework.transaction.annotation.ProxyTransactionManagementConfiguration' of type [org.springframework.transaction.annotation.ProxyTransactionManagementConfiguration$$EnhancerBySpringCGLIB$$c6039901] is not eligible for getting processed by all BeanPostProcessors (for example: not eligible for auto-proxying)
2023-12-01 10:54:40.851  INFO 486625 --- [main] j.LocalContainerEntityManagerFactoryBean : Building JPA container EntityManagerFactory for persistence unit 'default'
2023-12-01 10:54:40.871  INFO 486625 --- [main] o.hibernate.jpa.internal.util.LogHelper  : HHH000204: Processing PersistenceUnitInfo [
	name: default
	...]
2023-12-01 10:54:40.939  INFO 486625 --- [main] org.hibernate.Version                    : HHH000412: Hibernate Core {5.0.12.Final}
2023-12-01 10:54:40.940  INFO 486625 --- [main] org.hibernate.cfg.Environment            : HHH000206: hibernate.properties not found
2023-12-01 10:54:40.942  INFO 486625 --- [main] org.hibernate.cfg.Environment            : HHH000021: Bytecode provider name : javassist
2023-12-01 10:54:40.978  INFO 486625 --- [main] o.hibernate.annotations.common.Version   : HCANN000001: Hibernate Commons Annotations {5.0.1.Final}
2023-12-01 10:54:41.095  INFO 486625 --- [main] org.hibernate.dialect.Dialect            : HHH000400: Using dialect: org.hibernate.dialect.H2Dialect
2023-12-01 10:54:41.419  INFO 486625 --- [main] org.hibernate.tool.hbm2ddl.SchemaExport  : HHH000227: Running hbm2ddl schema export
2023-12-01 10:54:41.432  INFO 486625 --- [main] org.hibernate.tool.hbm2ddl.SchemaExport  : HHH000230: Schema export complete
2023-12-01 10:54:41.467  INFO 486625 --- [main] j.LocalContainerEntityManagerFactoryBean : Initialized JPA EntityManagerFactory for persistence unit 'default'
2023-12-01 10:54:41.776  WARN 486625 --- [main] figurationPropertiesBindingPostProcessor : The @ConfigurationProperties bean class com.khoubyari.example.service.ServiceProperties contains validation constraints but had not been annotated with @Validated.
2023-12-01 10:54:41.776  WARN 486625 --- [main] figurationPropertiesBindingPostProcessor : The @ConfigurationProperties bean class com.khoubyari.example.service.ServiceProperties contains validation constraints but had not been annotated with @Validated.
2023-12-01 10:54:41.776  WARN 486625 --- [main] figurationPropertiesBindingPostProcessor : The @ConfigurationProperties bean class com.khoubyari.example.service.ServiceProperties contains validation constraints but had not been annotated with @Validated.
2023-12-01 10:54:42.215  INFO 486625 --- [main] s.w.s.m.m.a.RequestMappingHandlerMapping : Mapped "{[/example/v1/hotels],methods=[GET],produces=[application/json || application/xml]}" onto public org.springframework.data.domain.Page<com.khoubyari.example.domain.Hotel> com.khoubyari.example.api.rest.HotelController.getAllHotel(java.lang.Integer,java.lang.Integer,javax.servlet.http.HttpServletRequest,javax.servlet.http.HttpServletResponse)
2023-12-01 10:54:42.216  INFO 486625 --- [main] s.w.s.m.m.a.RequestMappingHandlerMapping : Mapped "{[/example/v1/hotels/{id}],methods=[GET],produces=[application/json || application/xml]}" onto public com.khoubyari.example.domain.Hotel com.khoubyari.example.api.rest.HotelController.getHotel(java.lang.Long,javax.servlet.http.HttpServletRequest,javax.servlet.http.HttpServletResponse) throws java.lang.Exception
2023-12-01 10:54:42.217  INFO 486625 --- [main] s.w.s.m.m.a.RequestMappingHandlerMapping : Mapped "{[/example/v1/hotels/{id}],methods=[PUT],consumes=[application/json || application/xml],produces=[application/json || application/xml]}" onto public void com.khoubyari.example.api.rest.HotelController.updateHotel(java.lang.Long,com.khoubyari.example.domain.Hotel,javax.servlet.http.HttpServletRequest,javax.servlet.http.HttpServletResponse)
2023-12-01 10:54:42.217  INFO 486625 --- [main] s.w.s.m.m.a.RequestMappingHandlerMapping : Mapped "{[/example/v1/hotels/{id}],methods=[DELETE],produces=[application/json || application/xml]}" onto public void com.khoubyari.example.api.rest.HotelController.deleteHotel(java.lang.Long,javax.servlet.http.HttpServletRequest,javax.servlet.http.HttpServletResponse)
2023-12-01 10:54:42.217  INFO 486625 --- [main] s.w.s.m.m.a.RequestMappingHandlerMapping : Mapped "{[/example/v1/hotels],methods=[POST],consumes=[application/json || application/xml],produces=[application/json || application/xml]}" onto public void com.khoubyari.example.api.rest.HotelController.createHotel(com.khoubyari.example.domain.Hotel,javax.servlet.http.HttpServletRequest,javax.servlet.http.HttpServletResponse)
2023-12-01 10:54:42.218  INFO 486625 --- [main] s.w.s.m.m.a.RequestMappingHandlerMapping : Mapped "{[/v2/api-docs],methods=[GET],produces=[application/json || application/hal+json]}" onto public org.springframework.http.ResponseEntity<springfox.documentation.spring.web.json.Json> springfox.documentation.swagger2.web.Swagger2Controller.getDocumentation(java.lang.String,javax.servlet.http.HttpServletRequest)
2023-12-01 10:54:42.220  INFO 486625 --- [main] s.w.s.m.m.a.RequestMappingHandlerMapping : Mapped "{[/swagger-resources/configuration/security]}" onto org.springframework.http.ResponseEntity<springfox.documentation.swagger.web.SecurityConfiguration> springfox.documentation.swagger.web.ApiResourceController.securityConfiguration()
2023-12-01 10:54:42.221  INFO 486625 --- [main] s.w.s.m.m.a.RequestMappingHandlerMapping : Mapped "{[/swagger-resources/configuration/ui]}" onto org.springframework.http.ResponseEntity<springfox.documentation.swagger.web.UiConfiguration> springfox.documentation.swagger.web.ApiResourceController.uiConfiguration()
2023-12-01 10:54:42.221  INFO 486625 --- [main] s.w.s.m.m.a.RequestMappingHandlerMapping : Mapped "{[/swagger-resources]}" onto org.springframework.http.ResponseEntity<java.util.List<springfox.documentation.swagger.web.SwaggerResource>> springfox.documentation.swagger.web.ApiResourceController.swaggerResources()
2023-12-01 10:54:42.224  INFO 486625 --- [main] s.w.s.m.m.a.RequestMappingHandlerMapping : Mapped "{[/error]}" onto public org.springframework.http.ResponseEntity<java.util.Map<java.lang.String, java.lang.Object>> org.springframework.boot.autoconfigure.web.BasicErrorController.error(javax.servlet.http.HttpServletRequest)
2023-12-01 10:54:42.224  INFO 486625 --- [main] s.w.s.m.m.a.RequestMappingHandlerMapping : Mapped "{[/error],produces=[text/html]}" onto public org.springframework.web.servlet.ModelAndView org.springframework.boot.autoconfigure.web.BasicErrorController.errorHtml(javax.servlet.http.HttpServletRequest,javax.servlet.http.HttpServletResponse)
2023-12-01 10:54:42.819  INFO 486625 --- [main] s.w.s.m.m.a.RequestMappingHandlerAdapter : Looking for @ControllerAdvice: org.springframework.web.context.support.GenericWebApplicationContext@4097cac: startup date [Fri Dec 01 10:54:38 IST 2023]; root of context hierarchy
2023-12-01 10:54:42.874  INFO 486625 --- [main] o.s.w.s.handler.SimpleUrlHandlerMapping  : Mapped URL path [/webjars/**] onto handler of type [class org.springframework.web.servlet.resource.ResourceHttpRequestHandler]
2023-12-01 10:54:42.875  INFO 486625 --- [main] o.s.w.s.handler.SimpleUrlHandlerMapping  : Mapped URL path [/**] onto handler of type [class org.springframework.web.servlet.resource.ResourceHttpRequestHandler]
2023-12-01 10:54:42.926  INFO 486625 --- [main] o.s.w.s.handler.SimpleUrlHandlerMapping  : Mapped URL path [/**/favicon.ico] onto handler of type [class org.springframework.web.servlet.resource.ResourceHttpRequestHandler]
2023-12-01 10:54:43.137  INFO 486625 --- [main] b.a.s.AuthenticationManagerConfiguration : 

Using default security password: 8729b9cf-27ce-4ca5-aac4-74a207c1c1d1

2023-12-01 10:54:43.173  INFO 486625 --- [main] o.s.s.web.DefaultSecurityFilterChain     : Creating filter chain: OrRequestMatcher [requestMatchers=[Ant [pattern='/css/**'], Ant [pattern='/js/**'], Ant [pattern='/images/**'], Ant [pattern='/webjars/**'], Ant [pattern='/**/favicon.ico'], Ant [pattern='/error']]], []
2023-12-01 10:54:43.174  INFO 486625 --- [main] o.s.s.web.DefaultSecurityFilterChain     : Creating filter chain: org.springframework.boot.actuate.autoconfigure.ManagementWebSecurityAutoConfiguration$LazyEndpointPathRequestMatcher@5c59dfc7, []
2023-12-01 10:54:43.213  INFO 486625 --- [main] o.s.s.web.DefaultSecurityFilterChain     : Creating filter chain: org.springframework.boot.autoconfigure.security.SpringBootWebSecurityConfiguration$ApplicationNoWebSecurityConfigurerAdapter$1@5fb05c07, [org.springframework.security.web.context.request.async.WebAsyncManagerIntegrationFilter@238c63df, org.springframework.security.web.context.SecurityContextPersistenceFilter@76ffd052, org.springframework.security.web.header.HeaderWriterFilter@3c577368, org.springframework.security.web.csrf.CsrfFilter@1f4b8027, org.springframework.security.web.authentication.logout.LogoutFilter@6de2344a, org.springframework.security.web.savedrequest.RequestCacheAwareFilter@5e1bfe66, org.springframework.security.web.servletapi.SecurityContextHolderAwareRequestFilter@53cb9b1, org.springframework.security.web.authentication.AnonymousAuthenticationFilter@192b76a4, org.springframework.security.web.session.SessionManagementFilter@22a8e87b, org.springframework.security.web.access.ExceptionTranslationFilter@1db565f2]
2023-12-01 10:54:43.620  WARN 486625 --- [main] .s.b.a.a.EndpointWebMvcAutoConfiguration : Could not start embedded management container on different port (management endpoints are still available through JMX)
2023-12-01 10:54:43.623  INFO 486625 --- [main] o.s.c.support.DefaultLifecycleProcessor  : Starting beans in phase 2147483647
2023-12-01 10:54:43.623  INFO 486625 --- [main] d.s.w.p.DocumentationPluginsBootstrapper : Context refreshed
2023-12-01 10:54:43.643  INFO 486625 --- [main] d.s.w.p.DocumentationPluginsBootstrapper : Found 1 custom documentation plugin(s)
2023-12-01 10:54:43.650  INFO 486625 --- [main] s.d.s.w.s.ApiListingReferenceScanner     : Scanning for api listing references
2023-12-01 10:54:43.785  INFO 486625 --- [main] c.k.example.test.HotelControllerTest     : Started HotelControllerTest in 5.552 seconds (JVM running for 6.223)
2023-12-01 10:54:43.844  INFO 486625 --- [main] o.s.b.t.m.w.SpringBootMockServletContext : Initializing Spring FrameworkServlet ''
2023-12-01 10:54:43.844  INFO 486625 --- [main] o.s.t.web.servlet.TestDispatcherServlet  : FrameworkServlet '': initialization started
2023-12-01 10:54:43.861  INFO 486625 --- [main] o.s.t.web.servlet.TestDispatcherServlet  : FrameworkServlet '': initialization completed in 16 ms
2023-12-01 10:54:43.930  INFO 486625 --- [main] c.k.example.RestControllerAspect         : :::::AOP Before REST call:::::execution(void com.khoubyari.example.api.rest.HotelController.createHotel(Hotel,HttpServletRequest,HttpServletResponse))
2023-12-01 10:54:43.984  INFO 486625 --- [main] c.k.example.RestControllerAspect         : :::::AOP Before REST call:::::execution(Hotel com.khoubyari.example.api.rest.HotelController.getHotel(Long,HttpServletRequest,HttpServletResponse))
2023-12-01 10:54:44.020  INFO 486625 --- [main] c.k.example.RestControllerAspect         : :::::AOP Before REST call:::::execution(void com.khoubyari.example.api.rest.HotelController.deleteHotel(Long,HttpServletRequest,HttpServletResponse))
2023-12-01 10:54:44.031  INFO 486625 --- [main] c.k.example.RestControllerAspect         : :::::AOP Before REST call:::::execution(Hotel com.khoubyari.example.api.rest.HotelController.getHotel(Long,HttpServletRequest,HttpServletResponse))
2023-12-01 10:54:44.036  INFO 486625 --- [main] c.k.example.api.rest.HotelController     : ResourceNotFoundException handler:resource not found
2023-12-01 10:54:44.044  INFO 486625 --- [main] o.s.b.t.m.w.SpringBootMockServletContext : Initializing Spring FrameworkServlet ''
2023-12-01 10:54:44.044  INFO 486625 --- [main] o.s.t.web.servlet.TestDispatcherServlet  : FrameworkServlet '': initialization started
2023-12-01 10:54:44.048  INFO 486625 --- [main] o.s.t.web.servlet.TestDispatcherServlet  : FrameworkServlet '': initialization completed in 4 ms
2023-12-01 10:54:44.052  INFO 486625 --- [main] c.k.example.RestControllerAspect         : :::::AOP Before REST call:::::execution(void com.khoubyari.example.api.rest.HotelController.createHotel(Hotel,HttpServletRequest,HttpServletResponse))
2023-12-01 10:54:44.057  INFO 486625 --- [main] c.k.example.RestControllerAspect         : :::::AOP Before REST call:::::execution(void com.khoubyari.example.api.rest.HotelController.updateHotel(Long,Hotel,HttpServletRequest,HttpServletResponse))
2023-12-01 10:54:44.064  INFO 486625 --- [main] c.k.example.RestControllerAspect         : :::::AOP Before REST call:::::execution(Hotel com.khoubyari.example.api.rest.HotelController.getHotel(Long,HttpServletRequest,HttpServletResponse))
2023-12-01 10:54:44.069  INFO 486625 --- [main] c.k.example.RestControllerAspect         : :::::AOP Before REST call:::::execution(void com.khoubyari.example.api.rest.HotelController.deleteHotel(Long,HttpServletRequest,HttpServletResponse))
2023-12-01 10:54:44.075  INFO 486625 --- [Thread-3] o.s.w.c.s.GenericWebApplicationContext   : Closing org.springframework.web.context.support.GenericWebApplicationContext@4097cac: startup date [Fri Dec 01 10:54:38 IST 2023]; root of context hierarchy
2023-12-01 10:54:44.079  INFO 486625 --- [Thread-3] o.s.c.support.DefaultLifecycleProcessor  : Stopping beans in phase 2147483647
2023-12-01 10:54:44.083  INFO 486625 --- [Thread-3] j.LocalContainerEntityManagerFactoryBean : Closing JPA EntityManagerFactory for persistence unit 'default'
2023-12-01 10:54:44.084  INFO 486625 --- [Thread-3] org.hibernate.tool.hbm2ddl.SchemaExport  : HHH000227: Running hbm2ddl schema export
2023-12-01 10:54:44.088 ERROR 486625 --- [Thread-3] org.hibernate.tool.hbm2ddl.SchemaExport  : HHH000231: Schema export unsuccessful

org.h2.jdbc.JdbcSQLException: Database is already closed (to disable automatic closing at VM shutdown, add ";DB_CLOSE_ON_EXIT=FALSE" to the db URL) [90121-193]
	at org.h2.message.DbException.getJdbcSQLException(DbException.java:345) ~[h2-1.4.193.jar:1.4.193]
	at org.h2.message.DbException.get(DbException.java:179) ~[h2-1.4.193.jar:1.4.193]
	at org.h2.message.DbException.get(DbException.java:155) ~[h2-1.4.193.jar:1.4.193]
	at org.h2.message.DbException.get(DbException.java:144) ~[h2-1.4.193.jar:1.4.193]
	at org.h2.jdbc.JdbcConnection.checkClosed(JdbcConnection.java:1483) ~[h2-1.4.193.jar:1.4.193]
	at org.h2.jdbc.JdbcConnection.checkClosed(JdbcConnection.java:1458) ~[h2-1.4.193.jar:1.4.193]
	at org.h2.jdbc.JdbcConnection.getAutoCommit(JdbcConnection.java:457) ~[h2-1.4.193.jar:1.4.193]
	at java.base/jdk.internal.reflect.NativeMethodAccessorImpl.invoke0(Native Method) ~[na:na]
	at java.base/jdk.internal.reflect.NativeMethodAccessorImpl.invoke(NativeMethodAccessorImpl.java:62) ~[na:na]
	at java.base/jdk.internal.reflect.DelegatingMethodAccessorImpl.invoke(DelegatingMethodAccessorImpl.java:43) ~[na:na]
	at java.base/java.lang.reflect.Method.invoke(Method.java:566) ~[na:na]
	at org.apache.tomcat.jdbc.pool.ProxyConnection.invoke(ProxyConnection.java:126) ~[tomcat-jdbc-8.5.23.jar:na]
	at org.apache.tomcat.jdbc.pool.JdbcInterceptor.invoke(JdbcInterceptor.java:108) ~[tomcat-jdbc-8.5.23.jar:na]
	at org.apache.tomcat.jdbc.pool.interceptor.AbstractCreateStatementInterceptor.invoke(AbstractCreateStatementInterceptor.java:79) ~[tomcat-jdbc-8.5.23.jar:na]
	at org.apache.tomcat.jdbc.pool.JdbcInterceptor.invoke(JdbcInterceptor.java:108) ~[tomcat-jdbc-8.5.23.jar:na]
	at org.apache.tomcat.jdbc.pool.DisposableConnectionFacade.invoke(DisposableConnectionFacade.java:81) ~[tomcat-jdbc-8.5.23.jar:na]
	at com.sun.proxy.$Proxy97.getAutoCommit(Unknown Source) ~[na:na]
	at org.hibernate.tool.hbm2ddl.SuppliedConnectionProviderConnectionHelper.prepare(SuppliedConnectionProviderConnectionHelper.java:34) ~[hibernate-core-5.0.12.Final.jar:5.0.12.Final]
	at org.hibernate.tool.hbm2ddl.DatabaseExporter.<init>(DatabaseExporter.java:35) ~[hibernate-core-5.0.12.Final.jar:5.0.12.Final]
	at org.hibernate.tool.hbm2ddl.SchemaExport.execute(SchemaExport.java:425) ~[hibernate-core-5.0.12.Final.jar:5.0.12.Final]
	at org.hibernate.tool.hbm2ddl.SchemaExport.drop(SchemaExport.java:375) ~[hibernate-core-5.0.12.Final.jar:5.0.12.Final]
	at org.hibernate.tool.hbm2ddl.SchemaExport.drop(SchemaExport.java:371) ~[hibernate-core-5.0.12.Final.jar:5.0.12.Final]
	at org.hibernate.internal.SessionFactoryImpl.close(SessionFactoryImpl.java:1081) ~[hibernate-core-5.0.12.Final.jar:5.0.12.Final]
	at org.hibernate.jpa.internal.EntityManagerFactoryImpl.close(EntityManagerFactoryImpl.java:347) ~[hibernate-entitymanager-5.0.12.Final.jar:5.0.12.Final]
	at java.base/jdk.internal.reflect.NativeMethodAccessorImpl.invoke0(Native Method) ~[na:na]
	at java.base/jdk.internal.reflect.NativeMethodAccessorImpl.invoke(NativeMethodAccessorImpl.java:62) ~[na:na]
	at java.base/jdk.internal.reflect.DelegatingMethodAccessorImpl.invoke(DelegatingMethodAccessorImpl.java:43) ~[na:na]
	at java.base/java.lang.reflect.Method.invoke(Method.java:566) ~[na:na]
	at org.springframework.orm.jpa.AbstractEntityManagerFactoryBean.invokeProxyMethod(AbstractEntityManagerFactoryBean.java:473) ~[spring-orm-4.3.13.RELEASE.jar:4.3.13.RELEASE]
	at org.springframework.orm.jpa.AbstractEntityManagerFactoryBean$ManagedEntityManagerFactoryInvocationHandler.invoke(AbstractEntityManagerFactoryBean.java:645) ~[spring-orm-4.3.13.RELEASE.jar:4.3.13.RELEASE]
	at com.sun.proxy.$Proxy107.close(Unknown Source) ~[na:na]
	at org.springframework.orm.jpa.AbstractEntityManagerFactoryBean.destroy(AbstractEntityManagerFactoryBean.java:565) ~[spring-orm-4.3.13.RELEASE.jar:4.3.13.RELEASE]
	at org.springframework.beans.factory.support.DisposableBeanAdapter.destroy(DisposableBeanAdapter.java:272) ~[spring-beans-4.3.13.RELEASE.jar:4.3.13.RELEASE]
	at org.springframework.beans.factory.support.DefaultSingletonBeanRegistry.destroyBean(DefaultSingletonBeanRegistry.java:578) ~[spring-beans-4.3.13.RELEASE.jar:4.3.13.RELEASE]
	at org.springframework.beans.factory.support.DefaultSingletonBeanRegistry.destroySingleton(DefaultSingletonBeanRegistry.java:554) ~[spring-beans-4.3.13.RELEASE.jar:4.3.13.RELEASE]
	at org.springframework.beans.factory.support.DefaultListableBeanFactory.destroySingleton(DefaultListableBeanFactory.java:961) ~[spring-beans-4.3.13.RELEASE.jar:4.3.13.RELEASE]
	at org.springframework.beans.factory.support.DefaultSingletonBeanRegistry.destroySingletons(DefaultSingletonBeanRegistry.java:523) ~[spring-beans-4.3.13.RELEASE.jar:4.3.13.RELEASE]
	at org.springframework.beans.factory.support.FactoryBeanRegistrySupport.destroySingletons(FactoryBeanRegistrySupport.java:230) ~[spring-beans-4.3.13.RELEASE.jar:4.3.13.RELEASE]
	at org.springframework.beans.factory.support.DefaultListableBeanFactory.destroySingletons(DefaultListableBeanFactory.java:968) ~[spring-beans-4.3.13.RELEASE.jar:4.3.13.RELEASE]
	at org.springframework.context.support.AbstractApplicationContext.destroyBeans(AbstractApplicationContext.java:1032) ~[spring-context-4.3.13.RELEASE.jar:4.3.13.RELEASE]
	at org.springframework.context.support.AbstractApplicationContext.doClose(AbstractApplicationContext.java:1008) ~[spring-context-4.3.13.RELEASE.jar:4.3.13.RELEASE]
	at org.springframework.context.support.AbstractApplicationContext$2.run(AbstractApplicationContext.java:929) ~[spring-context-4.3.13.RELEASE.jar:4.3.13.RELEASE]

2023-12-01 10:54:44.088  INFO 486625 --- [Thread-3] org.hibernate.tool.hbm2ddl.SchemaExport  : HHH000230: Schema export complete
